
[K
[Ktrace: evaluation warning: fira-code-nerdfont is redundant. Use nerd-fonts.fira-code instead.
these 294 derivations will be built:
  /nix/store/02vcwad2fjpamrs0qii2kfawdw712y4m-rust-std-1.82.0-aarch64-apple-darwin.tar.xz.drv
  /nix/store/03cy35cbb4ccy3jhg3dprb3s0mhh3hrj-download-tracing-log-0.2.0.drv
  /nix/store/l7ilxyc81kzphihcm1403yp2sycnryla-download-indoc-2.0.5.drv
  /nix/store/05awi0j2d8m00zmfnar9mbgbhpgdyfsw-unpack-indoc-2.0.5.drv
  /nix/store/05d1mp1a2kanyfrp1na2fzivww0sd5px-unpack-rustversion-1.0.15.drv
  /nix/store/07x42zmfbgdr1nkrfp18in0z0jj3a1ys-download-ratatui-0.26.2.drv
  /nix/store/0adymlkq2rmzlb7kb9y9afjfvp0dcq36-unpack-color-eyre-0.6.3.drv
  /nix/store/0ajhirriixiw39rygwk9l302yf28f59d-download-castaway-0.2.2.drv
  /nix/store/gixjpwfib9k66czxi25qdmwrcd17zdr7-nix-index-0.1.8.drv
  /nix/store/0bjslaf1171bcqk36y7shlmzqs2rmij8-nix-index-0.1.8-fish-completions.drv
  /nix/store/hx7npmsg5xfxf77ywl5hmdi026x7ff6j-shcopy-0.1.5-go-modules.drv
  /nix/store/0c457kgfys0biv2p7hgklhy9xbjf8pdf-shcopy-0.1.5.drv
  /nix/store/0gv7yxhnw98yh5jxyzkngnhnmxl28gqk-unpack-strsim-0.11.1.drv
  /nix/store/291l0k318z5k9xpy22yfgrgnarpacrzn-download-crossterm-0.27.0.drv
  /nix/store/0n3v7knr9013aqvfnnax8wxzj7vxbldp-unpack-crossterm-0.27.0.drv
  /nix/store/za20d0zkyy4w8s2x1vzhqjysj4flkkvd-kubectl-browse-pvc-1.3.0-go-modules.drv
  /nix/store/0n9n2mmirs5izdaq8rbf50pl91svpyn6-kubectl-browse-pvc-1.3.0.drv
  /nix/store/0pximqvs7gv1yrap1i16vs6yfdfq4pjy-clippy-1.82.0-aarch64-apple-darwin.tar.xz.drv
  /nix/store/0x5ixzp0ngjql0jmnzrji6p5jfll7hy6-unpack-addr2line-0.21.0.drv
  /nix/store/0zcwhzylq1v12v7jh6qvbp9p2y634qii-download-kanal-0.1.0-pre8.drv
  /nix/store/bkiqlwsx30dfyhwcy8f69zyaw29z21m7-download-libc-0.2.153.drv
  /nix/store/126g4f89inyf4cjd0nhw3kbxkzysna05-unpack-libc-0.2.153.drv
  /nix/store/12d23h3am8zwljwvnrpgpy994z79vqsv-download-stability-0.2.0.drv
  /nix/store/xkn9s26ibrfl7j5cvhqm15f23g1yvcal-rustc-1.82.0-aarch64-apple-darwin.tar.xz.drv
  /nix/store/gfr9qmhdwfzsvfmw649wimhdg5infw7s-rustc-1.82.0-aarch64-apple-darwin.drv
  /nix/store/1453lrygvrav5qjavg1v3x8cqfw7hcgs-clippy-preview-1.82.0-aarch64-apple-darwin.drv
  /nix/store/m46dm057cqz24sp0l19yf7iz5iqqzajy-helm-plugins.drv
  /nix/store/3hb9xys20cyyqwb6ch5xf0qfccbiddaa-helmfile-1.1.2.drv
  /nix/store/16h84qwvavy4x17dlxyyxzc8lljmmay8-helmfile-1.1.2-fish-completions.drv
  /nix/store/a20mxh6bk5jhrr1mag4d64iaibqgx0kl-darwin-option.drv
  /nix/store/qqhk9dmadgq3m6m8lsf6nr3v0igw9x7i-darwin-rebuild.drv
  /nix/store/ld065j42pdis3vxgh2flnialwzhj9iax-system-applications.drv
  /nix/store/wydmqbnnghqhbw7rcdlgj778pz543ig7-system-path.drv
  /nix/store/xa9q2hmcr03zghb6ihqh4w1sp2ayrhlm-darwin-system-25.05.drv
  /nix/store/84pvqpq3a7xlibx6jcqavps3dwn6gbgq-darwin-uninstaller.drv
  /nix/store/prc7s4npy2y0yajaqlk7vxg9dk0xj0p8-darwin-option.drv
  /nix/store/sj6d2n2gyihmw6b63m8f2hh7h551186d-darwin-rebuild.drv
  /nix/store/16lvy04a79dflk1gl6fj1j5ipq3aqgax-system-path.drv
  /nix/store/17bdl7pmc2k2xq579hn5jz2zs3s4vd53-man-db-2.13.0-fish-completions.drv
  /nix/store/17xz95g5rvr2f6riiwx4xf1llf45cgrz-unpack-libredox-0.1.3.drv
  /nix/store/18sni8vzmd1rzrai9viw2wkgy2crd4lv-unpack-matchers-0.1.0.drv
  /nix/store/bs7y5wwlfqzprag67f0k8xyxlf0csij0-nixos-rebuild.drv
  /nix/store/2dk441hj3xx0ppign56y61mfg4p9zkxz-nixos-rebuild-fish-completions.drv
  /nix/store/3giizjlkffczmff7wasjklqy01d18swm-k9s-0.50.6-fish-completions.drv
  /nix/store/4fwy71rzxc0icpxm905x60wdznfd11z3-git-2.49.0-fish-completions.drv
  /nix/store/5piz4hmy8c45z88c7xysyw81i4il1gsz-shellcheck-0.10.0-fish-completions.drv
  /nix/store/7hv6qhwqf74bb1crrix22c25cwpn4gcy-vim-9.1.1336-fish-completions.drv
  /nix/store/9gcj8bxj58s3a9spg68rd2hjz04nks01-krew-0.4.5-fish-completions.drv
  /nix/store/9r82ysjpdizkc7bvcmmkhjlhyhcrfx4f-kubectl-browse-pvc-1.3.0-fish-completions.drv
  /nix/store/9rxbnagjzkr2qgic14y5s6973pl488kq-home-manager-0-unstable-2025-05-13-fish-completions.drv
  /nix/store/bbk4r2rni6fnsdgpaq1k99cli7mss9lg-stern-1.32.0-fish-completions.drv
  /nix/store/lcvzqiwq7x9a5am6q3f3qjlrf0bq5q3l-kubectl-netshoot-0.1.0-go-modules.drv
  /nix/store/7px20ci81bj79pv6v5v81pgd6xvc5xp8-kubectl-netshoot-0.1.0.drv
  /nix/store/dg4n9wxnx5s599yc511yfwc3la10ixh4-kubectl-netshoot-0.1.0-fish-completions.drv
  /nix/store/29nzi9034p3lyzh2yp4gkdncszwc9h6j-helm-3.18.2.drv
  /nix/store/dg6sdhfv6gj2l1n0ql588j2wziq0yf6a-helm-3.18.2-fish-completions.drv
  /nix/store/2554rjci0pzw6nl7f0kgiipganqk4v9k-installCargoArtifactsHook.drv
  /nix/store/42736784hkfa24avch18kzrfnr4dxn0w-inheritCargoArtifactsHook.drv
  /nix/store/5yb757bhgm4da95rb9wcmj9gwggcviqi-rust-std-1.82.0-aarch64-apple-darwin.drv
  /nix/store/pbwww7qp8zzcbwz9kakx78z8shrax9c4-cargo-1.82.0-aarch64-apple-darwin.tar.xz.drv
  /nix/store/820v2zg5m2xzq1vq16l5qk71n34npmfy-cargo-1.82.0-aarch64-apple-darwin.drv
  /nix/store/mqpnxwi3gs01wp1yqadbzqckqvah81b3-rust-docs-1.82.0-aarch64-apple-darwin.tar.xz.drv
  /nix/store/9y765aibbmipcc2jf25pqxgpd1hl4rih-rust-docs-1.82.0-aarch64-apple-darwin.drv
  /nix/store/lidb9vrwx5v389d47x5d2fq2gznp5gdp-rustfmt-1.82.0-aarch64-apple-darwin.tar.xz.drv
  /nix/store/xbi9wjagx1nvw3297imrgciwb0qz61yw-rustfmt-preview-1.82.0-aarch64-apple-darwin.drv
  /nix/store/99q6m53npb307mihs10garzg4zmxxczb-rust-default-1.82.0.drv
  /nix/store/a3n84q9v5mipa7232xl2i45nlww6is5p-cargoHelperFunctionsHook.drv
  /nix/store/d50bhqr2nas76y4vxhw3js10s7hhg6ak-worker.drv
  /nix/store/fagmppf4hfcbw4bfmf9azjxmk4a8k6n3-installFromCargoBuildLogHook.drv
  /nix/store/giwhxf9mqkp4i2fbf4c2hixkp9d0hzqm-removeReferencesToVendoredSourcesHook.drv
  /nix/store/qiqj73s88q5x9w96fc97kr9n9s63v39d-configureCargoVendoredDepsHook.drv
  /nix/store/qzdn0jmpgifxy1684hrq3nrnzqfiiydb-Cargo.lock.drv
  /nix/store/r5y61fbmp3m8bgknjrx39fqx6n18si03-configureCargoCommonVarsHook.drv
  /nix/store/1a31hcanr7a6x93lgry3h1xpgvpm64kx-unpack-owo-colors-3.5.0.drv
  /nix/store/1n3zpx68vfp8l7rng767qgl701sd128z-unpack-once_cell-1.19.0.drv
  /nix/store/xdjfrv2jqz9ag0nk9li6sdq6hkznx6i5-download-crossterm_winapi-0.9.1.drv
  /nix/store/1qaahkjrm66rkrkk75hxfbdjvdh1c73c-unpack-crossterm_winapi-0.9.1.drv
  /nix/store/1zvkg5z7kq9pklppby6n69rj3nhf763f-unpack-strum_macros-0.26.2.drv
  /nix/store/295m3yi7f125x5bl4zni7jb4l41lcfj7-unpack-option-ext-0.2.0.drv
  /nix/store/93ga266j1a2j0sqh2ggdhdpn2w6ln4hf-download-simdutf8-0.1.4.drv
  /nix/store/34db2c2i6pdgxjspi1mj5ysgg1m18p3l-unpack-simdutf8-0.1.4.drv
  /nix/store/ql4vy234h4rjzqsb0pv7rm5kh5a8m0bx-download-ahash-0.8.11.drv
  /nix/store/36l8y46nazz5jyzgfr07l6ybxiwvqwvv-unpack-ahash-0.8.11.drv
  /nix/store/3aypivqx8966wfhpxfg217h40mk7gmhk-unpack-mio-0.8.11.drv
  /nix/store/3bdnakm45scwih102pnrafrcs7fvw99h-unpack-cfg_aliases-0.1.1.drv
  /nix/store/isaw8azxzlmrl1vg7fd2p7a2z3fd7yqy-download-num_threads-0.1.7.drv
  /nix/store/3iy7y208wr7q286b71w4f2vcnazy45d3-unpack-num_threads-0.1.7.drv
  /nix/store/3jad9kyvl810a21cnlqyh2ckv901cph5-unpack-windows_x86_64_gnullvm-0.52.5.drv
  /nix/store/3ya8ic02smm1v8xijy9lbmrc355q1liw-unpack-windows_i686_msvc-0.52.5.drv
  /nix/store/s8fmm7dhrygjnmbgaq0xsjs8j9srqx29-download-lru-0.12.3.drv
  /nix/store/3yjirk4p1h7375inz0gz8rm3i96pl5db-unpack-lru-0.12.3.drv
  /nix/store/43vnlji312rw8kjpjawvldrza8v7n1yi-unpack-tracing-attributes-0.1.27.drv
  /nix/store/4fa5wy19934zmn9jybmnb0mlhk7dlf8n-unpack-eyre-0.6.12.drv
  /nix/store/syi33sc3makwbbshi92c7m9qrx3l5xl3-download-compact_str-0.7.1.drv
  /nix/store/4pw9fswlc1xrr5ddyi5aa2xzizcin9db-unpack-compact_str-0.7.1.drv
  /nix/store/4raymbnqhklyf2lrs04w6kx2w29kp73a-unpack-windows-sys-0.52.0.drv
  /nix/store/mlk3p2cyzhpbli05idcf2y0bdmw3wxcm-download-zerocopy-derive-0.7.32.drv
  /nix/store/53r6hkfc0dpmckz20jfk6q33hd28ikwd-unpack-zerocopy-derive-0.7.32.drv
  /nix/store/5h7qk98l4jrr0v4ixhvqqb1as1id9yhc-unpack-windows_x86_64_gnu-0.48.5.drv
  /nix/store/znf5wxcdjnj55qqya89y4nd1b3lanm6n-download-anyhow-1.0.82.drv
  /nix/store/5m0y04h5bn9ys3yl4ckfavac00rvvw9z-unpack-anyhow-1.0.82.drv
  /nix/store/5m4apz76yl1hn9qb2gs41x2vdc0z1pi9-unpack-deranged-0.3.11.drv
  /nix/store/p7g3lxj4bk30q1yjj57mwnj99zyv7njk-download-serde_derive-1.0.198.drv
  /nix/store/5xmg95hzr5bgi7z9p1syr1fjdc5wpybs-unpack-serde_derive-1.0.198.drv
  /nix/store/602m96xs60k7ib8anaik4f575jggg6j3-unpack-indenter-0.3.3.drv
  /nix/store/67n32dlndbvi8b6076r4mscvkdnjd4gs-unpack-heck-0.4.1.drv
  /nix/store/6awrldq9m9aq8j5qnvsv7qphxvvh1fyf-unpack-regex-automata-0.4.6.drv
  /nix/store/6dqw6qra9b356af4j6zw9pmf4qbiznvl-unpack-windows_i686_gnu-0.52.5.drv
  /nix/store/bcsz9l504992sz4b2mpf1plggaxxnvpd-download-minimal-lexical-0.2.1.drv
  /nix/store/6py4mgk143hwnh9df37szk43zfi4pk7v-unpack-minimal-lexical-0.2.1.drv
  /nix/store/6rmin4wmz8sgyhwydg31ilcnsdq45gwf-unpack-clap-4.5.4.drv
  /nix/store/6v630hzmlc7blaplingq970bgh1xyjq3-unpack-smallvec-1.13.2.drv
  /nix/store/7npzzlhd4y5zcqasaa4b87vbwapgmzz7-unpack-cfg-if-1.0.0.drv
  /nix/store/859xcgbsvx03rmm3h8y8sxl31bhal084-unpack-windows_aarch64_msvc-0.48.5.drv
  /nix/store/86vmzgkzd2s0a63ipsrfbnmr4f6zw3lr-unpack-winapi-x86_64-pc-windows-gnu-0.4.0.drv
  /nix/store/8avmzi9kx4bavvhylwclfgsg17lxdv78-unpack-nu-ansi-term-0.46.0.drv
  /nix/store/8id07byah8app2f2ybj63lji3pjbprzi-unpack-lazy_static-1.4.0.drv
  /nix/store/8n08ir0y01rmz96m61ng53pyzajfl110-unpack-windows_aarch64_msvc-0.52.5.drv
  /nix/store/wivawwg5ckqsv7xwmrsd8jw22bm17h6i-download-nom-7.1.3.drv
  /nix/store/8pc9b4n5nj6pjz82x51lbsjzndbf24qf-unpack-nom-7.1.3.drv
  /nix/store/90z66cjhjxr15zc6r50x32lihqmkqhz7-unpack-clap_derive-4.5.4.drv
  /nix/store/914g20b54qynfc2zi31xxb3d5y3l16jb-unpack-regex-1.10.4.drv
  /nix/store/921zm39rnbsgyay64cyxs4z3akg3pfpx-unpack-getrandom-0.2.14.drv
  /nix/store/9a8lxd9w6w2xkjim8nz08d63rj2mm37f-unpack-ratatui-0.26.2.drv
  /nix/store/9dabyld3b370kwpc0lpjhsvk1gvbr5fi-unpack-regex-syntax-0.8.3.drv
  /nix/store/9h9vn357alk0nx11lczvgb03gr0d6lhc-unpack-colorchoice-1.0.0.drv
  /nix/store/a1bfhmv631g6ws6ml513dz32bj0fj516-unpack-utf8parse-0.2.1.drv
  /nix/store/a1r96kc3mad4fks9jzjd8nd6nbcbvd1d-unpack-windows_x86_64_msvc-0.48.5.drv
  /nix/store/a44sf9mhq1wqxm94f253pmhbhqckprzn-unpack-nix-0.28.0.drv
  /nix/store/hrbc90z0d6h7kfchy6k44livx4071nvs-download-allocator-api2-0.2.18.drv
  /nix/store/a91jw3v50shz901rpmvf6rsj31j27vlp-unpack-allocator-api2-0.2.18.drv
  /nix/store/af19pavc7fwybwp8xyz34j8s4gy6wdci-unpack-wasi-0.11.0+wasi-snapshot-preview1.drv
  /nix/store/azry2g9wwwh6anp43hdq8a82lg96mb9w-unpack-redox_users-0.4.5.drv
  /nix/store/bl97hfrssqqc9ydkmd3fzw53mn764dj2-unpack-proc-macro2-1.0.81.drv
  /nix/store/bmajx6f0j73lifvi748dvnd45bswsl9p-unpack-time-core-0.1.2.drv
  /nix/store/bya8vzafhcnpjw9ncia446laz2ncs5wx-unpack-regex-syntax-0.6.29.drv
  /nix/store/cnvszfiq85sfhmd4rs4hb07j2d8wk8rr-unpack-signal-hook-registry-1.4.1.drv
  /nix/store/cnvzbb1hvk5jcmzva02x74cv26bf9i4j-unpack-dirs-sys-0.4.1.drv
  /nix/store/d3yjg38c6l8y2km1dm1akdbbam096z7y-unpack-heck-0.5.0.drv
  /nix/store/fvc27c8s7dwxljb7vkigykv2bmzsqdvd-download-anstyle-wincon-3.0.2.drv
  /nix/store/g3hk2ny0c3bhiyc3b9dvphb2z3gj71hj-unpack-anstyle-wincon-3.0.2.drv
  /nix/store/g8797jgkbr6gixn1js32c2m26b93mk7j-unpack-gimli-0.28.1.drv
  /nix/store/g9im64rz0gkg8xjyk5dwm5bcx32yw10n-unpack-adler-1.0.2.drv
  /nix/store/gjli0a57cai1kdw55hspwwc372x39src-unpack-windows_aarch64_gnullvm-0.52.5.drv
  /nix/store/gpikzw5zp7km5av2spv7ir3q0r0li0vy-unpack-redox_syscall-0.4.1.drv
  /nix/store/h9ij8zym85cmvg136npd2mc09h0pv73l-unpack-thread_local-1.1.8.drv
  /nix/store/1awshky4w50df5x9lrh7c6wz50csgd6n-download-hashbrown-0.14.3.drv
  /nix/store/hb8ckrj2lzvfkswdbdhj1yigsvhw6qwd-unpack-hashbrown-0.14.3.drv
  /nix/store/hh3vjww9i0cjjp4bh6fns5sgazk71pz7-unpack-clap_builder-4.5.2.drv
  /nix/store/hkyizhydc4qkd5cnlwcgh6qj7nkrjl1r-unpack-pin-project-lite-0.2.14.drv
  /nix/store/i1q0rrkbgjm5gzgylqkz3lp923c7v1n8-unpack-color-spantrace-0.2.1.drv
  /nix/store/i2y95ziyp0zkgk9jb8if6swjh7cv3775-unpack-windows-sys-0.48.0.drv
  /nix/store/i35nvvw37m8lrqmw6s6c6axsi0v84zcy-unpack-aho-corasick-1.1.3.drv
  /nix/store/i66c04qd8kzf44b5kl45r4bv0zajn208-unpack-parking_lot-0.12.1.drv
  /nix/store/23k6wma9d2vsk2qqldrx791jpl0kjgp2-download-anstream-0.6.13.drv
  /nix/store/i742whnagnlg214il3sxk57x56x0rcg3-unpack-anstream-0.6.13.drv
  /nix/store/z3058frfnby6clvs80xbrkqq3hgw300z-download-signal-hook-mio-0.2.3.drv
  /nix/store/iakgkh3c372w6is7q1lbkj34lzhlj8qk-unpack-signal-hook-mio-0.2.3.drv
  /nix/store/ic538zknc2j6zi4nhddzi5i0b4dz79sl-unpack-windows_x86_64_msvc-0.52.5.drv
  /nix/store/3lind06i8dh5956q0879xbl0yy2lqrzq-download-paste-1.0.14.drv
  /nix/store/iln9jx6557z2vzziqqlffgxj398ffmxr-unpack-paste-1.0.14.drv
  /nix/store/jb0mvs3vm75b26wmz411j4xjpsp6cn1f-unpack-tracing-0.1.40.drv
  /nix/store/jff7k8i7rhicsip95wyz3b6jf1yki4rk-unpack-windows_x86_64_gnu-0.52.5.drv
  /nix/store/gyf3jajaqgihqmzsdnmhqmqd2rsdx5jk-download-ansi-to-tui-4.0.1.drv
  /nix/store/jhlrh1g3hynwxkibj1dp5zh26hlmzpda-unpack-ansi-to-tui-4.0.1.drv
  /nix/store/jw7dak6fa2hf6h7jg1nkhfcnir8m0prw-unpack-windows_x86_64_gnullvm-0.48.5.drv
  /nix/store/dvmb0q38ycq126g141fnpk99smz5i4dk-download-thiserror-1.0.58.drv
  /nix/store/k9bp31ihd0zspsfnrdvav1c8ww1pqyl8-unpack-thiserror-1.0.58.drv
  /nix/store/kk381n1xkj36349p7cjx3qgpsm6rwk4j-unpack-winapi-0.3.9.drv
  /nix/store/kmzx2m9jgc02s4syzk294jaw1xm4qbmv-unpack-futures-core-0.3.30.drv
  /nix/store/lc3iph7r7c79yx2n6062qjvfjrbp0md5-unpack-either-1.11.0.drv
  /nix/store/lfi30i29v681zyfn9bs835nyzdjnazar-unpack-backtrace-0.3.71.drv
  /nix/store/m2bz46iq2p9wz3s0bhhvcmh016x96n22-unpack-windows_i686_gnu-0.48.5.drv
  /nix/store/m2x6az8bcsnvcg9br6ij34mlnrfl8h0l-unpack-static_assertions-1.1.0.drv
  /nix/store/m76znv7qsibqhjl1ghavi0v0z4azmyc4-unpack-bitflags-1.3.2.drv
  /nix/store/my554y2xjxmpikwwkvz13pkxyqm9fbmh-unpack-num-conv-0.1.0.drv
  /nix/store/n53g6nkhclza58r3csrqc6wrpzvq0d4j-unpack-ryu-1.0.17.drv
  /nix/store/nds9dqbmld770ppk4vn9v6l2k0qlrjj5-unpack-time-0.3.36.drv
  /nix/store/niwxj2vhb6vcjamnsczcm7nysmn62qi6-unpack-overload-0.1.1.drv
  /nix/store/nl66m6zisdkliaiivh9qi9jzpcr88a1y-unpack-tracing-subscriber-0.3.18.drv
  /nix/store/xniz896nkkppzjxl5br66lii264ygljy-download-zerocopy-0.7.32.drv
  /nix/store/nr7bm39y5xp83mxnnjpb4baj8lfp74cq-unpack-zerocopy-0.7.32.drv
  /nix/store/pafmkvmzyrjw7fg9ffa2f5mjgyj6sph1-unpack-serde_json-1.0.116.drv
  /nix/store/pjpa2hm5hwa6246c9wp234i7sa0pzciy-unpack-windows_aarch64_gnullvm-0.48.5.drv
  /nix/store/34p1w4qj8vas87nsi7yi97g0k2pkxmpn-download-cassowary-0.3.0.drv
  /nix/store/pndbw2wnjyhhi43piaibvjk98nzn4z29-unpack-cassowary-0.3.0.drv
  /nix/store/nha9v8jfdjhn7rpkh9xd88h2j9ai7nc1-download-anstyle-query-1.0.2.drv
  /nix/store/q2a4z3nfy88qc03l7vys3kvf4sx7gf6n-unpack-anstyle-query-1.0.2.drv
  /nix/store/q93ll76nfbiah918lzzkzhxz93yjnjcl-unpack-stability-0.2.0.drv
  /nix/store/qax7fhlk6xwyn8q2qv8csp30ai0p6d4z-unpack-windows-targets-0.48.5.drv
  /nix/store/qayrkw9dwwd7dwgdjdmmnbmhhzv973ll-unpack-memchr-2.7.2.drv
  /nix/store/qmwip4j84zwn0fks166ba2nix19inhs4-unpack-kanal-0.1.0-pre8.drv
  /nix/store/qnkhfnd7mjkfvg5b5gvypx7kfj83yk0s-unpack-tracing-core-0.1.32.drv
  /nix/store/qqwi0a0xrr8s97yq73zfkf896m36ii31-unpack-scopeguard-1.2.0.drv
  /nix/store/r0r5xnlasryj755z7szn2ixjbyr0arzc-unpack-object-0.32.2.drv
  /nix/store/n5lajrcbv8khhx1spqlbngpr6a3f3pc9-download-version_check-0.9.4.drv
  /nix/store/ravmav5mbd0xdzgvwvz7j2wh94y56wz2-unpack-version_check-0.9.4.drv
  /nix/store/rd2xg8jwfblwdxfjrnypbq2bd2151pn6-unpack-castaway-0.2.2.drv
  /nix/store/rrvdf7g4fy4gfdm2w30prhpz33gw0jws-unpack-unicode-ident-1.0.12.drv
  /nix/store/vfsg58j3lm5a3p3lyjqx5xlhk59l0hpq-download-parking_lot_core-0.9.9.drv
  /nix/store/scaqf3jxn8jrya81f32hmnmvirsp2grf-unpack-parking_lot_core-0.9.9.drv
  /nix/store/sjzvz26piihqlz7vqnw0gn3ynzi94w7m-unpack-rustc-demangle-0.1.23.drv
  /nix/store/sn0h0p7hs1pl33zxa37wl3l9s8n3ngwb-unpack-miniz_oxide-0.7.2.drv
  /nix/store/nnbn0w3g4a5vnizaknlql84f6azliafv-download-serde-1.0.198.drv
  /nix/store/v240mcq1l6k661x18bf47gwayzvx0n6f-unpack-serde-1.0.198.drv
  /nix/store/6bqy8f84hbfvkqp6i0mfz70mch3mzgq9-download-directories-5.0.1.drv
  /nix/store/v3rd9k9ydbzkrsisky56x41pcl38h709-unpack-directories-5.0.1.drv
  /nix/store/v9dgfiiqvpw3mnq5c81l78qxqgga4k66-unpack-tracing-error-0.2.0.drv
  /nix/store/l9vnb0r0z58y80vcwkyxq94kmgamrcs3-download-syn-2.0.59.drv
  /nix/store/vddcmzq1zzif5cjc0c91sb57w3y2f70z-unpack-syn-2.0.59.drv
  /nix/store/vfhpls3qjdipyc3y33bsnsifhk6l4zrr-unpack-autocfg-1.2.0.drv
  /nix/store/sg4sgl8nw8xvfyc3av2ga0ff41h5d0an-download-anstyle-parse-0.2.3.drv
  /nix/store/vfpmnp2q1v5iqivkk7k8pjbxk4yfji0z-unpack-anstyle-parse-0.2.3.drv
  /nix/store/vk13bl0hzfj3j39fil0bilfl2c7pzgax-unpack-sharded-slab-0.1.7.drv
  /nix/store/yidfrhlw4biyxar5m5sk8wk6lflcsw74-download-lock_api-0.4.11.drv
  /nix/store/vm2gm5mj0pkn0vjvkp1m2jzjcf8j3y58-unpack-lock_api-0.4.11.drv
  /nix/store/vrarvznm9d5ms4ywhhd636w3rs78sn3k-unpack-regex-automata-0.1.10.drv
  /nix/store/vw8msmg5wgh5yc275zz6z8b1k7hwm4g7-unpack-quote-1.0.36.drv
  /nix/store/vzwinxl013i56zdlhkhjx7brk5cfzz4f-unpack-log-0.4.21.drv
  /nix/store/w5kd8m30n8xbw65i467zzklzg6189szd-unpack-itoa-1.0.11.drv
  /nix/store/1b1f2pp133gf6za1mia5lb6202h4wfqq-download-thiserror-impl-1.0.58.drv
  /nix/store/w5q473ry5q8s2f673zdv6zdinh0ivm4d-unpack-thiserror-impl-1.0.58.drv
  /nix/store/w7q9gffg29pcvp7ynadqc6p7k3mvimim-unpack-winapi-i686-pc-windows-gnu-0.4.0.drv
  /nix/store/whf2rkzdvh2srvym9f0g2zglld2bh845-unpack-tracing-log-0.2.0.drv
  /nix/store/wlk340nzks3ny04v63ljawxnwkzzfjxc-unpack-strum-0.26.2.drv
  /nix/store/vaixa7n7ikbv6hzv7pwzvcjmr7bfz1iw-download-unicode-segmentation-1.11.0.drv
  /nix/store/wlximpxqdfnkgj3dprxm5j86s4kjd18q-unpack-unicode-segmentation-1.11.0.drv
  /nix/store/wwlxmjq7vvdv18kv9gd5q0zlih1an130-unpack-powerfmt-0.2.0.drv
  /nix/store/3f1152m53a4h5y3z1zbad2zsjg5lzx7h-download-anstyle-1.0.6.drv
  /nix/store/x8hc1bhan8zmnskr2j506n6g3vcjavyz-unpack-anstyle-1.0.6.drv
  /nix/store/gn7sjjfsqa8g4cq6qidbxmj73q7jypnj-download-itertools-0.12.1.drv
  /nix/store/xbzb9zvdfw8gcri44finp61f09il9wsr-unpack-itertools-0.12.1.drv
  /nix/store/xgchvrj4di20ng3dpq4sp4bsd5wdbkgy-unpack-clap_lex-0.7.0.drv
  /nix/store/xhq3fzn7wd7r2pippdikw1aqqpvk4mql-unpack-valuable-0.1.0.drv
  /nix/store/y3b43816z0v08wxk63w5xl0i7jh0jzwn-download-cc-1.0.94.drv
  /nix/store/xia28g0d79cc9yvhbchkc4m61jla9in0-unpack-cc-1.0.94.drv
  /nix/store/k0rvd12rrh45lvb95f2y1dc58rwsz81w-download-signal-hook-0.3.17.drv
  /nix/store/xy2zc4r52d777r4a6b1bcydmm3ng47cd-unpack-signal-hook-0.3.17.drv
  /nix/store/yavgjxr13bwds77hv5qrgv9yg88hqg3i-unpack-windows-targets-0.52.5.drv
  /nix/store/ympinh6njxg9xnpfscwdbvygf749b5ad-unpack-bitflags-2.5.0.drv
  /nix/store/z18dq5smv8hjxpv32zljw2kkdw9b28jp-unpack-windows_i686_msvc-0.48.5.drv
  /nix/store/i6bxxn38a959zna858h4y4ydqr62v4sw-download-unicode-width-0.1.11.drv
  /nix/store/z2wd8wyr2iazk7rqgs29k05j2358ahkf-unpack-unicode-width-0.1.11.drv
  /nix/store/zvhqj9nqmcmx65wxk8yzph121a66ali7-unpack-windows_i686_gnullvm-0.52.5.drv
  /nix/store/fagx7c34hzl2s9842sircn9n1x47czdl-vendor.drv
  /nix/store/fzbxzifx4x2vaidi0p66lm60di4zq9af-dummy.rs.drv
  /nix/store/66ffh8zjf9sf3388mj7xjl6dz03ls3m7-Cargo.toml.drv
  /nix/store/ky94lcgk8xxxsijfssh7pd2x01jbjz81-source.drv
  /nix/store/x18f4frppk9g330rix4g11hjdnvd417p-replaceCargoLockHook.drv
  /nix/store/rl6b3hdlyba8j0z05cr8h8wim0s0w1d9-nix-inspect-deps-0.1.2.drv
  /nix/store/6lmvg9nq8lxgb3sv9px0b4vzklrfnng5-nix-inspect-0.1.2.drv
  /nix/store/aaz3iwnsg8ys3rciqq8rv4ii045fy8qf-kubectl-klock-0.7.2-go-modules.drv
  /nix/store/8v1232fqv6a7a13bbcv87cwhhmx7hl9k-kubectl-klock-0.7.2.drv
  /nix/store/9jx69nixnlvly601npv0nzkasd0d8cq1-kubectl-get-all-1.3.8-go-modules.drv
  /nix/store/gwvfcj4kshihllgghkxb4idba5spn00h-kubectl-get-all-1.3.8.drv
  /nix/store/mw8n9ns2fd6pf1bh17j0q9r42zcis1gh-kubectl-pgo-0.5.1-go-modules.drv
  /nix/store/p2g03phlphyl4yqjlwz817m9gm6fkvmz-kubectl-pgo-0.5.1.drv
  /nix/store/yv9glsb9ndq2c4ap0csjcs9rhczb07bc-kubectl-view-secret-0.14.0.drv
  /nix/store/ghx2yjv6pcjychgcybil7jgsaxjfmw54-home-manager-path.drv
  /nix/store/kyr98rx77z0wqg71amwdbk1y8nms7qr2-kubectl-view-secret-0.14.0-fish-completions.drv
  /nix/store/ll0zwfab1v7sqkq88ibw3p69rr5y987x-nixd-2.6.4-fish-completions.drv
  /nix/store/m9fwsxj8vik1dgajdld1byafnvcvx66y-kubectl-get-all-1.3.8-fish-completions.drv
  /nix/store/mjbrj4w002xc0pw7dzpz5jwap862v0vm-kubectl-klock-0.7.2-fish-completions.drv
  /nix/store/n84dknqsx8hn8kvakpk64xi8bh9ki0rm-kubectl-pgo-0.5.1-fish-completions.drv
  /nix/store/pbnbhf3kh2zs6w00mdzxx2kmj4by0k99-tig-2.5.12-fish-completions.drv
  /nix/store/qyfy9zwld79762kykxhjrcb0qvbm26mb-pre-commit-4.0.1-fish-completions.drv
  /nix/store/xrv27jcf0hl6mnqzq8hj3q1lb0rvl2lw-home-manager-fonts.drv
  /nix/store/r9x4ynw11f9jr3kk60di6pq2ngp69zlb-hm_LibraryFonts.homemanagerfontsversion.drv
  /nix/store/rdcn60y0am2w0qbi3cwsd088v5cn7rvb-activation-script.drv
  /nix/store/s00qbzgbzkzx0wlmzdipp3bjmc07ymm7-prettier-3.5.3-fish-completions.drv
  /nix/store/s44fm9l1vjbrnc4w4brq7n22yqldp0a3-shcopy-0.1.5-fish-completions.drv
  /nix/store/sm653yww4mibshbj2vl21m4ql92n8134-curl-8.13.0-fish-completions.drv
  /nix/store/5xjg8lh990dd8ikji87kj258gzqx3vhw-man-paths.drv
  /nix/store/s7r6bxlvamx666krpk3ww0kphlabf6ji-man-cache.drv
  /nix/store/4ghkk1x0hdxrly2pkfjkspzj9fjqppxn-hm_.manpath.drv
  /nix/store/gm52334yvlvpwzd072xvlmga695br5v5-command-not-found.drv
  /nix/store/ca9pqxinrif4h17s3h0h9m68yamshpwy-config.fish.drv
  /nix/store/xnvz89haslwhlpmgaarmzamwq8f4w9s4-nix-inspect-fish-completions.drv
  /nix/store/gq9ifw7dygkczx26qw98z2vplgwwwbgi-ryan-fish-completions.drv
  /nix/store/v5m06nriqywmf2i125xfydi0cyl9pfpi-home-manager-applications.drv
  /nix/store/v3lv6v0dz4m3nygimklmccmr1s5ijkm0-home-manager-files.drv
  /nix/store/19absk1pq2a64n78145dbh1998v2qi4w-home-manager-generation.drv
  /nix/store/yyn4wqyzgrn42gynp4fl434n0lazh6x3-activate-system-start.drv
  /nix/store/adxv4wqrq2sp2gnw3zx2dq6vyi1r8sjd-org.nixos.activate-system.plist.drv
  /nix/store/n34gbv90wrkavxg6ha8qj7xb502jz5jy-system-applications.drv
  /nix/store/q5dmfrxwbwfri7ri9nz9rf3q00y2kgmr-fonts.drv
  /nix/store/w0wxq0qc8h0snd976phqpqcb1zgq0pjd-org.nixos.nix-gc.plist.drv
  /nix/store/xclkwyk193vsq8f3lpj8i5i281lc6zf8-org.nixos.nix-daemon.plist.drv
  /nix/store/qav0n2jdw95v0h059g80ix0jz1rp10gp-launchd.drv
  /nix/store/r3sj8zn707ypcbhvhqd8gyhcddf1cbpr-user-environment.drv
  /nix/store/ydvsls2ifwzg0yxzsmyslps7gnqi6j4c-nix.conf.drv
  /nix/store/rp2cm7g0sw1rlj94g02f91sk4sqv9bql-etc.drv
  /nix/store/s113wwi5h00mz0kikqfg3qbjzfh3zz9c-activation-ryan.drv
  /nix/store/dny2bc0qpyr4ck566kv1dr1a74svxjax-darwin-system-25.05.536f951.drv
these 77 paths will be fetched (579.30 MiB download, 2694.70 MiB unpacked):
  /nix/store/amdympl4rz7kj93j82cva60v8007n4nv-apple-sdk-11.3
  /nix/store/6pwfz1wx4g30vnf6bhabx2h7nimdrr3f-aws-sdk-cpp-1.11.336
  /nix/store/4w52sg8h8ja7sgnsz38av0dng0srb5z7-aws-sdk-cpp-1.11.448
  /nix/store/ha880npk3sn42jpfxxdilnjwwhxzx84h-boost-1.81.0-dev
  /nix/store/r9myvhgdwr5q5zkdixhhc1acy3qhvsmy-boost-1.87.0
  /nix/store/bfgw85j4wizk4r6hkjyzm5f11gbcg8zp-cctools-1010.6
  /nix/store/hnxbfd8zbwawmq1q99h7xmyxq9kddhkn-cctools-1010.6-libtool
  /nix/store/c02f0lj5xqjaw1c6hg9a9sv1b024mi8q-cctools-binutils-darwin-1010.6
  /nix/store/3awww7sqz8gygkr9hw5s7wd57iwz1qg3-cctools-binutils-darwin-wrapper-1010.6
  /nix/store/jqy6x4li0s729q6q97qmzrqwjfi567bv-cctools-binutils-darwin-wrapper-1010.6
  /nix/store/44hqr4414m3jldixkm4cq47q5pnpy83d-clang-16.0.6
  /nix/store/h5wikn5ggl90bi4v939cf20aq03ca5s5-clang-16.0.6-lib
  /nix/store/v39c0h6xv6hvki2k1bsyp5n090q8y2bp-clang-wrapper-16.0.6
  /nix/store/dw53si81ax5jkn23vpncsiizxzx8bz9b-curl-8.13.0
  /nix/store/j9l00pb7vjqichx1pb9wh44mmpmsy5i8-curl-8.13.0-bin
  /nix/store/9pa6rygnkrdp03j4ba0w6yb5qid5x3qb-git-2.49.0
  /nix/store/w81r3j7kb38m2r6c4q8s1fp2hlzspdzy-git-minimal-2.49.0
  /nix/store/ps3admpzmc1ryvn9q7sw5xfd94dkrb3f-go-1.24.3
  /nix/store/gb2p11i79bq2l3cv8w4ymnva98qmcs5c-helm-git-1.3.0
  /nix/store/pja4zxdmm4cr8zybbgxsalyv2pqy4kf8-helm-secrets-4.6.5
  /nix/store/q5h13gaajrcy08fsn1f16aq7zazp22gh-helmfile-1.1.2-go-modules
  /nix/store/462082vq5l592cds1aaabswf1a2sg2kb-home-manager-0-unstable-2025-05-13
  /nix/store/0kjbnz4vyqv50xmidkf3a9fd9xkv7qnx-k9s-0.50.6
  /nix/store/nbj1pjqxw2w4s691a72vhnin2s4yk51v-krew-0.4.5
  /nix/store/gjc81adn7m07l3d6m0dp2qaf5nw1ynng-ld64-951.9
  /nix/store/aga8vbn8c7nkia009pq07pp1q1p5bdzb-libarchive-3.7.7-lib
  /nix/store/bcnx80h4bsb3bq91bq8q4k9f18s9kbga-libarchive-3.7.8
  /nix/store/ripf5c9x8arnk29p71s0mklqqzav1jgp-libarchive-3.7.8-dev
  /nix/store/6drfczjy4m7k672adzvzibhhj2z33wq4-libarchive-3.7.8-lib
  /nix/store/3yib0v1i6zkhmln0whj7rxw704hyh006-llvm-16.0.6
  /nix/store/sz8qygmv83v0m96r6na3lvl3wlan1nnk-llvm-16.0.6-lib
  /nix/store/i3z4dn1v05gr4g4vyrmi5pcmnbcl15hh-man-db-2.13.0
  /nix/store/86kbidpf08qkkng99nx40wvnkvpmv99i-meson-1.6.0
  /nix/store/4yn24ag1agcsv7f4b20ksw80csf99gp9-monaspace-1.200
  /nix/store/58rs16dh8klg0mjc87bplj42fzcsdp0j-nix-2.24.10
  /nix/store/gncl6k4y63vh2iakmyfq03dvcpns4ilv-nix-2.24.10-dev
  /nix/store/48j1p4c8nyqy4mxgz0w3jahnm7m48nld-nix-2.28.3
  /nix/store/0gm5p4d9qygsjx6nb3q3daj1df0p9hdy-nix-2.28.3-dev
  /nix/store/lszl0yxbhh3rqkiarcs4x6l67x10nfcs-nixd-2.6.4
  /nix/store/la3dgdisigv11y087zwqsr49pxskjkpn-nixos-option
  /nix/store/zh3j86dqrcvpqbmwgahknlip3xja4xha-nixt-2.6.4
  /nix/store/g5bv4gi6p7ryhs2hbaryxs6ivsxa6lqc-nodejs-22.14.0
  /nix/store/c6v2ngygy55zamyz17z94brbz2vrsi1z-pkg-config-wrapper-0.29.2
  /nix/store/yravg9i86n4dqi1c9r5jdsdzfqdw4qnh-pre-commit-4.0.1
  /nix/store/yspchsd3ww1ddz2r5783kw8y9j0vr3r8-prettier-3.5.3
  /nix/store/zyak8iqzh1ww83qa4sqwwz3qax0lrky7-python3-3.12.7
  /nix/store/awk2sgcdjkqma88qv7p258fa2lsmzjxc-python3.12-cbor2-5.6.4
  /nix/store/yvx5fgycgm0ijjxha4y4jlr1j9asvbk2-python3.12-colorama-0.4.6
  /nix/store/3rd2yvvxpzrvxplyw6bc7f9lzsaypwmc-python3.12-markdown-it-py-3.0.0
  /nix/store/9ixv03llqgxshx7zh3rv1bk4rw7q988l-python3.12-mdurl-0.1.2
  /nix/store/1ra2q7pbffxwl7xx16xdwz91hgcdib7g-python3.12-pygments-2.18.0
  /nix/store/qbf8wyd80h0rg0jfk4idf3mpx66s3601-python3.12-python-dateutil-2.9.0.post0
  /nix/store/xhl423l6snslbh8cz7zs5zqwrvyjqs71-python3.12-pyyaml-6.0.2
  /nix/store/64y7567s4w4wacnsbbxdhibfrn84lwfn-python3.12-remarshal-0.20.0
  /nix/store/8lgk6wm6k7664lm8w3srmbmckgdfjrgf-python3.12-rich-13.8.1
  /nix/store/sai2pf0a5d529bdaszbl7ffzffcrki2l-python3.12-rich-argparse-1.6.0
  /nix/store/ncqgx3y7k9yg89mp16vvbzm6jqgjks6n-python3.12-ruamel-base-1.0.0
  /nix/store/jikhg9ilx0phflraxv5pd78apbjs1295-python3.12-ruamel-yaml-0.18.6
  /nix/store/fl04vbx0qh1n58mwl5i0h1qzxz3b6lp4-python3.12-ruamel-yaml-clib-0.2.7
  /nix/store/1grxz9n45rpb5qlkfjwa8qz4mbnh5dfk-python3.12-six-1.16.0
  /nix/store/020k3gqx89xx7v3j5ay2fshgw46fh67d-python3.12-tomlkit-0.13.2
  /nix/store/j7bg0ip03g9j94gzqyifhrpp8csyfw5r-python3.12-u-msgpack-python-2.8.0
  /nix/store/zfb7gn241j416glx9sg7y9k0bimih3nr-rsync-3.3.0
  /nix/store/mgrdnzl43pzfqryzhriwq08xcs41gf0s-rsync-3.4.1
  /nix/store/fbj9729m17pdvlinsdqxnd8ddl4iirzm-shellcheck-0.10.0
  /nix/store/mwahkil7jkc2y4y0q3myrkicp366vb82-shellcheck-0.10.0-doc
  /nix/store/f0fscjx6xa6kbczhav1bh0vq3w2pmwfn-shellcheck-0.10.0-man
  /nix/store/lzqp883qk7p95pvqxbq4iz0vr1d9b1f4-signing-utils
  /nix/store/c11k636phwvd783hs5bw0632yg43cr0d-sops-3.10.2
  /nix/store/lnlzcyd5sy2c4x8ys85627sj5mdxmdxq-stdenv-darwin
  /nix/store/nwvga652738sh96zj456ry0xfnh9sjzv-stdenv-darwin
  /nix/store/c83kp77msm3acd87n4pdyrzh1gl4wag6-stern-1.32.0
  /nix/store/0azz2jr1hg7x3r6dfgca7ir8ysbb6484-tig-2.5.12
  /nix/store/5ayrvmp1iwjr29b3w5w8ffqz8dl7y381-vim-9.1.1336
  /nix/store/0397klm7233hh23795zy3mkgrgnlim0n-zstd-1.5.6-bin
  /nix/store/f3xidy6iab0asgslw0fvfdcf991qinrd-zstd-1.5.6-dev
  /nix/store/qh89f5cm8fzy6wbk55wiinbds78v637d-zstd-1.5.7-bin
copying path '/nix/store/mgrdnzl43pzfqryzhriwq08xcs41gf0s-rsync-3.4.1' from 'https://cache.nixos.org'...
copying path '/nix/store/fbj9729m17pdvlinsdqxnd8ddl4iirzm-shellcheck-0.10.0' from 'https://cache.nixos.org'...
copying path '/nix/store/dw53si81ax5jkn23vpncsiizxzx8bz9b-curl-8.13.0' from 'https://cache.nixos.org'...
copying path '/nix/store/r9myvhgdwr5q5zkdixhhc1acy3qhvsmy-boost-1.87.0' from 'https://cache.nixos.org'...
copying path '/nix/store/6drfczjy4m7k672adzvzibhhj2z33wq4-libarchive-3.7.8-lib' from 'https://cache.nixos.org'...
copying path '/nix/store/4yn24ag1agcsv7f4b20ksw80csf99gp9-monaspace-1.200' from 'https://cache.nixos.org'...
copying path '/nix/store/0kjbnz4vyqv50xmidkf3a9fd9xkv7qnx-k9s-0.50.6' from 'https://cache.nixos.org'...
copying path '/nix/store/c83kp77msm3acd87n4pdyrzh1gl4wag6-stern-1.32.0' from 'https://cache.nixos.org'...
copying path '/nix/store/5ayrvmp1iwjr29b3w5w8ffqz8dl7y381-vim-9.1.1336' from 'https://cache.nixos.org'...
copying path '/nix/store/q5h13gaajrcy08fsn1f16aq7zazp22gh-helmfile-1.1.2-go-modules' from 'https://cache.nixos.org'...
copying path '/nix/store/g5bv4gi6p7ryhs2hbaryxs6ivsxa6lqc-nodejs-22.14.0' from 'https://cache.nixos.org'...
copying path '/nix/store/qh89f5cm8fzy6wbk55wiinbds78v637d-zstd-1.5.7-bin' from 'https://cache.nixos.org'...
copying path '/nix/store/ps3admpzmc1ryvn9q7sw5xfd94dkrb3f-go-1.24.3' from 'https://cache.nixos.org'...
copying path '/nix/store/zfb7gn241j416glx9sg7y9k0bimih3nr-rsync-3.3.0' from 'https://cache.nixos.org'...
copying path '/nix/store/c11k636phwvd783hs5bw0632yg43cr0d-sops-3.10.2' from 'https://cache.nixos.org'...
copying path '/nix/store/0397klm7233hh23795zy3mkgrgnlim0n-zstd-1.5.6-bin' from 'https://cache.nixos.org'...
copying path '/nix/store/6pwfz1wx4g30vnf6bhabx2h7nimdrr3f-aws-sdk-cpp-1.11.336' from 'https://cache.nixos.org'...
copying path '/nix/store/ha880npk3sn42jpfxxdilnjwwhxzx84h-boost-1.81.0-dev' from 'https://cache.nixos.org'...
copying path '/nix/store/aga8vbn8c7nkia009pq07pp1q1p5bdzb-libarchive-3.7.7-lib' from 'https://cache.nixos.org'...
copying path '/nix/store/sz8qygmv83v0m96r6na3lvl3wlan1nnk-llvm-16.0.6-lib' from 'https://cache.nixos.org'...
copying path '/nix/store/bcnx80h4bsb3bq91bq8q4k9f18s9kbga-libarchive-3.7.8' from 'https://cache.nixos.org'...
copying path '/nix/store/i3z4dn1v05gr4g4vyrmi5pcmnbcl15hh-man-db-2.13.0' from 'https://cache.nixos.org'...
copying path '/nix/store/4w52sg8h8ja7sgnsz38av0dng0srb5z7-aws-sdk-cpp-1.11.448' from 'https://cache.nixos.org'...
copying path '/nix/store/j9l00pb7vjqichx1pb9wh44mmpmsy5i8-curl-8.13.0-bin' from 'https://cache.nixos.org'...
copying path '/nix/store/9pa6rygnkrdp03j4ba0w6yb5qid5x3qb-git-2.49.0' from 'https://cache.nixos.org'...
copying path '/nix/store/w81r3j7kb38m2r6c4q8s1fp2hlzspdzy-git-minimal-2.49.0' from 'https://cache.nixos.org'...
building '/nix/store/sm653yww4mibshbj2vl21m4ql92n8134-curl-8.13.0-fish-completions.drv'...
copying path '/nix/store/ripf5c9x8arnk29p71s0mklqqzav1jgp-libarchive-3.7.8-dev' from 'https://cache.nixos.org'...
building '/nix/store/17bdl7pmc2k2xq579hn5jz2zs3s4vd53-man-db-2.13.0-fish-completions.drv'...
copying path '/nix/store/zyak8iqzh1ww83qa4sqwwz3qax0lrky7-python3-3.12.7' from 'https://cache.nixos.org'...
copying path '/nix/store/mwahkil7jkc2y4y0q3myrkicp366vb82-shellcheck-0.10.0-doc' from 'https://cache.nixos.org'...
copying path '/nix/store/58rs16dh8klg0mjc87bplj42fzcsdp0j-nix-2.24.10' from 'https://cache.nixos.org'...
copying path '/nix/store/f0fscjx6xa6kbczhav1bh0vq3w2pmwfn-shellcheck-0.10.0-man' from 'https://cache.nixos.org'...
copying path '/nix/store/f3xidy6iab0asgslw0fvfdcf991qinrd-zstd-1.5.6-dev' from 'https://cache.nixos.org'...
building '/nix/store/5piz4hmy8c45z88c7xysyw81i4il1gsz-shellcheck-0.10.0-fish-completions.drv'...
copying path '/nix/store/48j1p4c8nyqy4mxgz0w3jahnm7m48nld-nix-2.28.3' from 'https://cache.nixos.org'...
copying path '/nix/store/gncl6k4y63vh2iakmyfq03dvcpns4ilv-nix-2.24.10-dev' from 'https://cache.nixos.org'...
copying path '/nix/store/0gm5p4d9qygsjx6nb3q3daj1df0p9hdy-nix-2.28.3-dev' from 'https://cache.nixos.org'...
copying path '/nix/store/la3dgdisigv11y087zwqsr49pxskjkpn-nixos-option' from 'https://cache.nixos.org'...
building '/nix/store/yyn4wqyzgrn42gynp4fl434n0lazh6x3-activate-system-start.drv'...
building '/nix/store/gixjpwfib9k66czxi25qdmwrcd17zdr7-nix-index-0.1.8.drv'...
building '/nix/store/ydvsls2ifwzg0yxzsmyslps7gnqi6j4c-nix.conf.drv'...
building '/nix/store/bs7y5wwlfqzprag67f0k8xyxlf0csij0-nixos-rebuild.drv'...
building '/nix/store/xclkwyk193vsq8f3lpj8i5i281lc6zf8-org.nixos.nix-daemon.plist.drv'...
building '/nix/store/w0wxq0qc8h0snd976phqpqcb1zgq0pjd-org.nixos.nix-gc.plist.drv'...
copying path '/nix/store/462082vq5l592cds1aaabswf1a2sg2kb-home-manager-0-unstable-2025-05-13' from 'https://cache.nixos.org'...
building '/nix/store/gm52334yvlvpwzd072xvlmga695br5v5-command-not-found.drv'...
building '/nix/store/0bjslaf1171bcqk36y7shlmzqs2rmij8-nix-index-0.1.8-fish-completions.drv'...
building '/nix/store/2dk441hj3xx0ppign56y61mfg4p9zkxz-nixos-rebuild-fish-completions.drv'...
building '/nix/store/adxv4wqrq2sp2gnw3zx2dq6vyi1r8sjd-org.nixos.activate-system.plist.drv'...
building '/nix/store/ca9pqxinrif4h17s3h0h9m68yamshpwy-config.fish.drv'...
building '/nix/store/qav0n2jdw95v0h059g80ix0jz1rp10gp-launchd.drv'...
building '/nix/store/9rxbnagjzkr2qgic14y5s6973pl488kq-home-manager-0-unstable-2025-05-13-fish-completions.drv'...
copying path '/nix/store/zh3j86dqrcvpqbmwgahknlip3xja4xha-nixt-2.6.4' from 'https://cache.nixos.org'...
copying path '/nix/store/lszl0yxbhh3rqkiarcs4x6l67x10nfcs-nixd-2.6.4' from 'https://cache.nixos.org'...
building '/nix/store/ll0zwfab1v7sqkq88ibw3p69rr5y987x-nixd-2.6.4-fish-completions.drv'...
copying path '/nix/store/gb2p11i79bq2l3cv8w4ymnva98qmcs5c-helm-git-1.3.0' from 'https://cache.nixos.org'...
copying path '/nix/store/nbj1pjqxw2w4s691a72vhnin2s4yk51v-krew-0.4.5' from 'https://cache.nixos.org'...
copying path '/nix/store/yravg9i86n4dqi1c9r5jdsdzfqdw4qnh-pre-commit-4.0.1' from 'https://cache.nixos.org'...
building '/nix/store/7hv6qhwqf74bb1crrix22c25cwpn4gcy-vim-9.1.1336-fish-completions.drv'...
building '/nix/store/qyfy9zwld79762kykxhjrcb0qvbm26mb-pre-commit-4.0.1-fish-completions.drv'...
copying path '/nix/store/0azz2jr1hg7x3r6dfgca7ir8ysbb6484-tig-2.5.12' from 'https://cache.nixos.org'...
building '/nix/store/a20mxh6bk5jhrr1mag4d64iaibqgx0kl-darwin-option.drv'...
building '/nix/store/prc7s4npy2y0yajaqlk7vxg9dk0xj0p8-darwin-option.drv'...
building '/nix/store/qqhk9dmadgq3m6m8lsf6nr3v0igw9x7i-darwin-rebuild.drv'...
building '/nix/store/sj6d2n2gyihmw6b63m8f2hh7h551186d-darwin-rebuild.drv'...
building '/nix/store/4fwy71rzxc0icpxm905x60wdznfd11z3-git-2.49.0-fish-completions.drv'...
building '/nix/store/ld065j42pdis3vxgh2flnialwzhj9iax-system-applications.drv'...
building '/nix/store/wydmqbnnghqhbw7rcdlgj778pz543ig7-system-path.drv'...
copying path '/nix/store/pja4zxdmm4cr8zybbgxsalyv2pqy4kf8-helm-secrets-4.6.5' from 'https://cache.nixos.org'...
building '/nix/store/pbnbhf3kh2zs6w00mdzxx2kmj4by0k99-tig-2.5.12-fish-completions.drv'...
building '/nix/store/xa9q2hmcr03zghb6ihqh4w1sp2ayrhlm-darwin-system-25.05.drv'...
building '/nix/store/84pvqpq3a7xlibx6jcqavps3dwn6gbgq-darwin-uninstaller.drv'...
building '/nix/store/m46dm057cqz24sp0l19yf7iz5iqqzajy-helm-plugins.drv'...
building '/nix/store/n34gbv90wrkavxg6ha8qj7xb502jz5jy-system-applications.drv'...
building '/nix/store/16lvy04a79dflk1gl6fj1j5ipq3aqgax-system-path.drv'...
building '/nix/store/29nzi9034p3lyzh2yp4gkdncszwc9h6j-helm-3.18.2.drv'...
building '/nix/store/dg6sdhfv6gj2l1n0ql588j2wziq0yf6a-helm-3.18.2-fish-completions.drv'...
building '/nix/store/bbk4r2rni6fnsdgpaq1k99cli7mss9lg-stern-1.32.0-fish-completions.drv'...
building '/nix/store/9gcj8bxj58s3a9spg68rd2hjz04nks01-krew-0.4.5-fish-completions.drv'...
copying path '/nix/store/yspchsd3ww1ddz2r5783kw8y9j0vr3r8-prettier-3.5.3' from 'https://cache.nixos.org'...
building '/nix/store/s00qbzgbzkzx0wlmzdipp3bjmc07ymm7-prettier-3.5.3-fish-completions.drv'...
copying path '/nix/store/awk2sgcdjkqma88qv7p258fa2lsmzjxc-python3.12-cbor2-5.6.4' from 'https://cache.nixos.org'...
copying path '/nix/store/9ixv03llqgxshx7zh3rv1bk4rw7q988l-python3.12-mdurl-0.1.2' from 'https://cache.nixos.org'...
copying path '/nix/store/86kbidpf08qkkng99nx40wvnkvpmv99i-meson-1.6.0' from 'https://cache.nixos.org'...
copying path '/nix/store/yvx5fgycgm0ijjxha4y4jlr1j9asvbk2-python3.12-colorama-0.4.6' from 'https://cache.nixos.org'...
copying path '/nix/store/xhl423l6snslbh8cz7zs5zqwrvyjqs71-python3.12-pyyaml-6.0.2' from 'https://cache.nixos.org'...
copying path '/nix/store/1ra2q7pbffxwl7xx16xdwz91hgcdib7g-python3.12-pygments-2.18.0' from 'https://cache.nixos.org'...
copying path '/nix/store/ncqgx3y7k9yg89mp16vvbzm6jqgjks6n-python3.12-ruamel-base-1.0.0' from 'https://cache.nixos.org'...
copying path '/nix/store/fl04vbx0qh1n58mwl5i0h1qzxz3b6lp4-python3.12-ruamel-yaml-clib-0.2.7' from 'https://cache.nixos.org'...
copying path '/nix/store/1grxz9n45rpb5qlkfjwa8qz4mbnh5dfk-python3.12-six-1.16.0' from 'https://cache.nixos.org'...
copying path '/nix/store/020k3gqx89xx7v3j5ay2fshgw46fh67d-python3.12-tomlkit-0.13.2' from 'https://cache.nixos.org'...
copying path '/nix/store/j7bg0ip03g9j94gzqyifhrpp8csyfw5r-python3.12-u-msgpack-python-2.8.0' from 'https://cache.nixos.org'...
copying path '/nix/store/3rd2yvvxpzrvxplyw6bc7f9lzsaypwmc-python3.12-markdown-it-py-3.0.0' from 'https://cache.nixos.org'...
copying path '/nix/store/qbf8wyd80h0rg0jfk4idf3mpx66s3601-python3.12-python-dateutil-2.9.0.post0' from 'https://cache.nixos.org'...
copying path '/nix/store/jikhg9ilx0phflraxv5pd78apbjs1295-python3.12-ruamel-yaml-0.18.6' from 'https://cache.nixos.org'...
building '/nix/store/3giizjlkffczmff7wasjklqy01d18swm-k9s-0.50.6-fish-completions.drv'...
copying path '/nix/store/8lgk6wm6k7664lm8w3srmbmckgdfjrgf-python3.12-rich-13.8.1' from 'https://cache.nixos.org'...
copying path '/nix/store/sai2pf0a5d529bdaszbl7ffzffcrki2l-python3.12-rich-argparse-1.6.0' from 'https://cache.nixos.org'...
copying path '/nix/store/64y7567s4w4wacnsbbxdhibfrn84lwfn-python3.12-remarshal-0.20.0' from 'https://cache.nixos.org'...
building '/nix/store/za20d0zkyy4w8s2x1vzhqjysj4flkkvd-kubectl-browse-pvc-1.3.0-go-modules.drv'...
building '/nix/store/9jx69nixnlvly601npv0nzkasd0d8cq1-kubectl-get-all-1.3.8-go-modules.drv'...
building '/nix/store/aaz3iwnsg8ys3rciqq8rv4ii045fy8qf-kubectl-klock-0.7.2-go-modules.drv'...
building '/nix/store/lcvzqiwq7x9a5am6q3f3qjlrf0bq5q3l-kubectl-netshoot-0.1.0-go-modules.drv'...
building '/nix/store/mw8n9ns2fd6pf1bh17j0q9r42zcis1gh-kubectl-pgo-0.5.1-go-modules.drv'...
building '/nix/store/yv9glsb9ndq2c4ap0csjcs9rhczb07bc-kubectl-view-secret-0.14.0.drv'...
building '/nix/store/hx7npmsg5xfxf77ywl5hmdi026x7ff6j-shcopy-0.1.5-go-modules.drv'...
error: builder for '/nix/store/za20d0zkyy4w8s2x1vzhqjysj4flkkvd-kubectl-browse-pvc-1.3.0-go-modules.drv' failed with exit code 1;
       last 8 log lines:
       > Running phase: unpackPhase
       > unpacking source archive /nix/store/g80c40b4922dz2366jn387mqiwxbqzwd-source
       > source root is source
       > Running phase: patchPhase
       > Running phase: updateAutotoolsGnuConfigScriptsPhase
       > Running phase: configurePhase
       > Running phase: buildPhase
       > go: go.mod file not found in current directory or any parent directory; see 'go help modules'
       For full logs, run 'nix log /nix/store/za20d0zkyy4w8s2x1vzhqjysj4flkkvd-kubectl-browse-pvc-1.3.0-go-modules.drv'.
error: 1 dependencies of derivation '/nix/store/0n9n2mmirs5izdaq8rbf50pl91svpyn6-kubectl-browse-pvc-1.3.0.drv' failed to build
error: 1 dependencies of derivation '/nix/store/v5m06nriqywmf2i125xfydi0cyl9pfpi-home-manager-applications.drv' failed to build
error: 1 dependencies of derivation '/nix/store/xrv27jcf0hl6mnqzq8hj3q1lb0rvl2lw-home-manager-fonts.drv' failed to build
error: 1 dependencies of derivation '/nix/store/ghx2yjv6pcjychgcybil7jgsaxjfmw54-home-manager-path.drv' failed to build
error: 1 dependencies of derivation '/nix/store/9r82ysjpdizkc7bvcmmkhjlhyhcrfx4f-kubectl-browse-pvc-1.3.0-fish-completions.drv' failed to build
error: 1 dependencies of derivation '/nix/store/5xjg8lh990dd8ikji87kj258gzqx3vhw-man-paths.drv' failed to build
error: 1 dependencies of derivation '/nix/store/19absk1pq2a64n78145dbh1998v2qi4w-home-manager-generation.drv' failed to build
error: 1 dependencies of derivation '/nix/store/r3sj8zn707ypcbhvhqd8gyhcddf1cbpr-user-environment.drv' failed to build
error: 1 dependencies of derivation '/nix/store/s113wwi5h00mz0kikqfg3qbjzfh3zz9c-activation-ryan.drv' failed to build
error: 1 dependencies of derivation '/nix/store/dny2bc0qpyr4ck566kv1dr1a74svxjax-darwin-system-25.05.536f951.drv' failed to build
